<?xml version="1.0" encoding="UTF-8"?>
<testsuite name="Exercise28Test" tests="1" skipped="0" failures="0" errors="0" timestamp="2022-06-02T11:42:23" hostname="savera" time="0.012">
  <properties/>
  <testcase name="test()" classname="Exercise28Test" time="0.012"/>
  <system-out><![CDATA[]]></system-out>
  <system-err><![CDATA[]]></system-err>
</testsuite>
