<?xml version="1.0" encoding="UTF-8"?>
<testsuite name="BankTest" tests="1" skipped="0" failures="0" errors="0" timestamp="2022-05-28T11:45:38" hostname="savera" time="0.021">
  <properties/>
  <testcase name="test()" classname="BankTest" time="0.021"/>
  <system-out><![CDATA[]]></system-out>
  <system-err><![CDATA[]]></system-err>
</testsuite>
